# JRE version: Java(TM) SE Runtime Environment (8.0_321-b07) (build 1.8.0_321-b07)
# Java VM: Java HotSpot(TM) 64-Bit Server VM (25.321-b07 mixed mode bsd-amd64 compressed oops)
Heap:
 PSYoungGen      total 2512896K, used 1337223K [0x0000000715580000, 0x00000007be980000, 0x00000007c0000000)
  eden space 2501120K, 53% used [0x0000000715580000,0x000000076641daa8,0x00000007ae000000)
  from space 11776K, 97% used [0x00000007bde00000,0x00000007be944350,0x00000007be980000)
  to   space 19456K, 0% used [0x00000007bc380000,0x00000007bc380000,0x00000007bd680000)
 ParOldGen       total 148480K, used 48277K [0x00000005c0000000, 0x00000005c9100000, 0x0000000715580000)
  object space 148480K, 32% used [0x00000005c0000000,0x00000005c2f25598,0x00000005c9100000)
 Metaspace       used 27812K, capacity 29172K, committed 29312K, reserved 1075200K
  class space    used 3386K, capacity 3647K, committed 3712K, reserved 1048576K
GC Heap History (10 events):
Event: 22.352 GC heap before
{Heap before GC invocations=19 (full 1):
 PSYoungGen      total 2778112K, used 2771472K [0x0000000715580000, 0x00000007c0000000, 0x00000007c0000000)
  eden space 2761728K, 100% used [0x0000000715580000,0x00000007bde80000,0x00000007bde80000)
  from space 16384K, 59% used [0x00000007bde80000,0x00000007be804120,0x00000007bee80000)
  to   space 16384K, 0% used [0x00000007bf000000,0x00000007bf000000,0x00000007c0000000)
 ParOldGen       total 148480K, used 35469K [0x00000005c0000000, 0x00000005c9100000, 0x0000000715580000)
  object space 148480K, 23% used [0x00000005c0000000,0x00000005c22a3478,0x00000005c9100000)
 Metaspace       used 26984K, capacity 28298K, committed 28544K, reserved 1075200K
  class space    used 3339K, capacity 3604K, committed 3712K, reserved 1048576K
Event: 22.355 GC heap after
Heap after GC invocations=19 (full 1):
 PSYoungGen      total 2778624K, used 11808K [0x0000000715580000, 0x00000007c0000000, 0x00000007c0000000)
  eden space 2762240K, 0% used [0x0000000715580000,0x0000000715580000,0x00000007bdf00000)
  from space 16384K, 72% used [0x00000007bf000000,0x00000007bfb88000,0x00000007c0000000)
  to   space 16896K, 0% used [0x00000007bdf00000,0x00000007bdf00000,0x00000007bef80000)
 ParOldGen       total 148480K, used 35469K [0x00000005c0000000, 0x00000005c9100000, 0x0000000715580000)
  object space 148480K, 23% used [0x00000005c0000000,0x00000005c22a3478,0x00000005c9100000)
 Metaspace       used 26984K, capacity 28298K, committed 28544K, reserved 1075200K
  class space    used 3339K, capacity 3604K, committed 3712K, reserved 1048576K
}
Event: 24.220 GC heap before
{Heap before GC invocations=20 (full 1):
 PSYoungGen      total 2778624K, used 2774048K [0x0000000715580000, 0x00000007c0000000, 0x00000007c0000000)
  eden space 2762240K, 100% used [0x0000000715580000,0x00000007bdf00000,0x00000007bdf00000)
  from space 16384K, 72% used [0x00000007bf000000,0x00000007bfb88000,0x00000007c0000000)
  to   space 16896K, 0% used [0x00000007bdf00000,0x00000007bdf00000,0x00000007bef80000)
 ParOldGen       total 148480K, used 35469K [0x00000005c0000000, 0x00000005c9100000, 0x0000000715580000)
  object space 148480K, 23% used [0x00000005c0000000,0x00000005c22a3478,0x00000005c9100000)
 Metaspace       used 26984K, capacity 28298K, committed 28544K, reserved 1075200K
  class space    used 3339K, capacity 3604K, committed 3712K, reserved 1048576K
Event: 24.223 GC heap after
Heap after GC invocations=20 (full 1):
 PSYoungGen      total 2645504K, used 13825K [0x0000000715580000, 0x00000007bf080000, 0x00000007c0000000)
  eden space 2631168K, 0% used [0x0000000715580000,0x0000000715580000,0x00000007b5f00000)
  from space 14336K, 96% used [0x00000007bdf00000,0x00000007bec80470,0x00000007bed00000)
  to   space 3584K, 0% used [0x00000007bed00000,0x00000007bed00000,0x00000007bf080000)
 ParOldGen       total 148480K, used 35469K [0x00000005c0000000, 0x00000005c9100000, 0x0000000715580000)
  object space 148480K, 23% used [0x00000005c0000000,0x00000005c22a3478,0x00000005c9100000)
 Metaspace       used 26984K, capacity 28298K, committed 28544K, reserved 1075200K
  class space    used 3339K, capacity 3604K, committed 3712K, reserved 1048576K
}
Event: 25.997 GC heap before
{Heap before GC invocations=21 (full 1):
 PSYoungGen      total 2645504K, used 2644993K [0x0000000715580000, 0x00000007bf080000, 0x00000007c0000000)
  eden space 2631168K, 100% used [0x0000000715580000,0x00000007b5f00000,0x00000007b5f00000)
  from space 14336K, 96% used [0x00000007bdf00000,0x00000007bec80470,0x00000007bed00000)
  to   space 3584K, 0% used [0x00000007bed00000,0x00000007bed00000,0x00000007bf080000)
 ParOldGen       total 148480K, used 35469K [0x00000005c0000000, 0x00000005c9100000, 0x0000000715580000)
  object space 148480K, 23% used [0x00000005c0000000,0x00000005c22a3478,0x00000005c9100000)
 Metaspace       used 26985K, capacity 28298K, committed 28544K, reserved 1075200K
  class space    used 3339K, capacity 3604K, committed 3712K, reserved 1048576K
Event: 26.005 GC heap after
Heap after GC invocations=21 (full 1):
 PSYoungGen      total 2759680K, used 3576K [0x0000000715580000, 0x00000007c0000000, 0x00000007c0000000)
  eden space 2756096K, 0% used [0x0000000715580000,0x0000000715580000,0x00000007bd900000)
  from space 3584K, 99% used [0x00000007bed00000,0x00000007bf07e1a8,0x00000007bf080000)
  to   space 19968K, 0% used [0x00000007bd900000,0x00000007bd900000,0x00000007bec80000)
 ParOldGen       total 148480K, used 47573K [0x00000005c0000000, 0x00000005c9100000, 0x0000000715580000)
  object space 148480K, 32% used [0x00000005c0000000,0x00000005c2e75478,0x00000005c9100000)
 Metaspace       used 26985K, capacity 28298K, committed 28544K, reserved 1075200K
  class space    used 3339K, capacity 3604K, committed 3712K, reserved 1048576K
}
Event: 32.386 GC heap before
{Heap before GC invocations=22 (full 1):
 PSYoungGen      total 2759680K, used 2759672K [0x0000000715580000, 0x00000007c0000000, 0x00000007c0000000)
  eden space 2756096K, 100% used [0x0000000715580000,0x00000007bd900000,0x00000007bd900000)
  from space 3584K, 99% used [0x00000007bed00000,0x00000007bf07e1a8,0x00000007bf080000)
  to   space 19968K, 0% used [0x00000007bd900000,0x00000007bd900000,0x00000007bec80000)
 ParOldGen       total 148480K, used 47573K [0x00000005c0000000, 0x00000005c9100000, 0x0000000715580000)
  object space 148480K, 32% used [0x00000005c0000000,0x00000005c2e75478,0x00000005c9100000)
 Metaspace       used 27067K, capacity 28482K, committed 28800K, reserved 1075200K
  class space    used 3345K, capacity 3612K, committed 3712K, reserved 1048576K
Event: 32.389 GC heap after
Heap after GC invocations=22 (full 1):
 PSYoungGen      total 2630656K, used 5056K [0x0000000715580000, 0x00000007bed80000, 0x00000007c0000000)
  eden space 2625536K, 0% used [0x0000000715580000,0x0000000715580000,0x00000007b5980000)
  from space 5120K, 98% used [0x00000007bd900000,0x00000007bddf0360,0x00000007bde00000)
  to   space 15872K, 0% used [0x00000007bde00000,0x00000007bde00000,0x00000007bed80000)
 ParOldGen       total 148480K, used 48269K [0x00000005c0000000, 0x00000005c9100000, 0x0000000715580000)
  object space 148480K, 32% used [0x00000005c0000000,0x00000005c2f23598,0x00000005c9100000)
 Metaspace       used 27067K, capacity 28482K, committed 28800K, reserved 1075200K
  class space    used 3345K, capacity 3612K, committed 3712K, reserved 1048576K
}
Event: 61.682 GC heap before
{Heap before GC invocations=23 (full 1):
 PSYoungGen      total 2630656K, used 2630592K [0x0000000715580000, 0x00000007bed80000, 0x00000007c0000000)
  eden space 2625536K, 100% used [0x0000000715580000,0x00000007b5980000,0x00000007b5980000)
  from space 5120K, 98% used [0x00000007bd900000,0x00000007bddf0360,0x00000007bde00000)
  to   space 15872K, 0% used [0x00000007bde00000,0x00000007bde00000,0x00000007bed80000)
 ParOldGen       total 148480K, used 48269K [0x00000005c0000000, 0x00000005c9100000, 0x0000000715580000)
  object space 148480K, 32% used [0x00000005c0000000,0x00000005c2f23598,0x00000005c9100000)
 Metaspace       used 27067K, capacity 28482K, committed 28800K, reserved 1075200K
  class space    used 3345K, capacity 3612K, committed 3712K, reserved 1048576K
Event: 61.686 GC heap after
Heap after GC invocations=23 (full 1):
 PSYoungGen      total 2512896K, used 11536K [0x0000000715580000, 0x00000007be980000, 0x00000007c0000000)
  eden space 2501120K, 0% used [0x0000000715580000,0x0000000715580000,0x00000007ae000000)
  from space 11776K, 97% used [0x00000007bde00000,0x00000007be944350,0x00000007be980000)
  to   space 19456K, 0% used [0x00000007bc380000,0x00000007bc380000,0x00000007bd680000)
 ParOldGen       total 148480K, used 48277K [0x00000005c0000000, 0x00000005c9100000, 0x0000000715580000)
  object space 148480K, 32% used [0x00000005c0000000,0x00000005c2f25598,0x00000005c9100000)
 Metaspace       used 27067K, capacity 28482K, committed 28800K, reserved 1075200K
  class space    used 3345K, capacity 3612K, committed 3712K, reserved 1048576K
}

