# JRE version: Java(TM) SE Runtime Environment (8.0_321-b07) (build 1.8.0_321-b07)
# Java VM: Java HotSpot(TM) 64-Bit Server VM (25.321-b07 mixed mode bsd-amd64 compressed oops)
Heap:
 PSYoungGen      total 506368K, used 263254K [0x0000000715580000, 0x0000000735f80000, 0x00000007c0000000)
  eden space 491520K, 51% used [0x0000000715580000,0x0000000724c3a6c0,0x0000000733580000)
  from space 14848K, 71% used [0x0000000735100000,0x0000000735b5b1f0,0x0000000735f80000)
  to   space 21504K, 0% used [0x0000000733580000,0x0000000733580000,0x0000000734a80000)
 ParOldGen       total 147456K, used 5274K [0x00000005c0000000, 0x00000005c9000000, 0x0000000715580000)
  object space 147456K, 3% used [0x00000005c0000000,0x00000005c0526ae8,0x00000005c9000000)
 Metaspace       used 32297K, capacity 34454K, committed 34560K, reserved 1079296K
  class space    used 3968K, capacity 4338K, committed 4352K, reserved 1048576K
GC Heap History (10 events):
Event: 2.456 GC heap before
{Heap before GC invocations=1 (full 0):
 PSYoungGen      total 153088K, used 131584K [0x0000000715580000, 0x0000000720000000, 0x00000007c0000000)
  eden space 131584K, 100% used [0x0000000715580000,0x000000071d600000,0x000000071d600000)
  from space 21504K, 0% used [0x000000071eb00000,0x000000071eb00000,0x0000000720000000)
  to   space 21504K, 0% used [0x000000071d600000,0x000000071d600000,0x000000071eb00000)
 ParOldGen       total 349696K, used 0K [0x00000005c0000000, 0x00000005d5580000, 0x0000000715580000)
  object space 349696K, 0% used [0x00000005c0000000,0x00000005c0000000,0x00000005d5580000)
 Metaspace       used 19776K, capacity 20504K, committed 20608K, reserved 1067008K
  class space    used 2432K, capacity 2611K, committed 2688K, reserved 1048576K
Event: 2.491 GC heap after
Heap after GC invocations=1 (full 0):
 PSYoungGen      total 153088K, used 11750K [0x0000000715580000, 0x0000000728080000, 0x00000007c0000000)
  eden space 131584K, 0% used [0x0000000715580000,0x0000000715580000,0x000000071d600000)
  from space 21504K, 54% used [0x000000071d600000,0x000000071e1798d0,0x000000071eb00000)
  to   space 21504K, 0% used [0x0000000726b80000,0x0000000726b80000,0x0000000728080000)
 ParOldGen       total 349696K, used 8K [0x00000005c0000000, 0x00000005d5580000, 0x0000000715580000)
  object space 349696K, 0% used [0x00000005c0000000,0x00000005c0002000,0x00000005d5580000)
 Metaspace       used 19776K, capacity 20504K, committed 20608K, reserved 1067008K
  class space    used 2432K, capacity 2611K, committed 2688K, reserved 1048576K
}
Event: 2.637 GC heap before
{Heap before GC invocations=2 (full 0):
 PSYoungGen      total 153088K, used 20813K [0x0000000715580000, 0x0000000728080000, 0x00000007c0000000)
  eden space 131584K, 6% used [0x0000000715580000,0x0000000715e59db8,0x000000071d600000)
  from space 21504K, 54% used [0x000000071d600000,0x000000071e1798d0,0x000000071eb00000)
  to   space 21504K, 0% used [0x0000000726b80000,0x0000000726b80000,0x0000000728080000)
 ParOldGen       total 349696K, used 8K [0x00000005c0000000, 0x00000005d5580000, 0x0000000715580000)
  object space 349696K, 0% used [0x00000005c0000000,0x00000005c0002000,0x00000005d5580000)
 Metaspace       used 20344K, capacity 21078K, committed 21248K, reserved 1067008K
  class space    used 2513K, capacity 2690K, committed 2816K, reserved 1048576K
Event: 2.663 GC heap after
Heap after GC invocations=2 (full 0):
 PSYoungGen      total 284672K, used 5431K [0x0000000715580000, 0x0000000728080000, 0x00000007c0000000)
  eden space 263168K, 0% used [0x0000000715580000,0x0000000715580000,0x0000000725680000)
  from space 21504K, 25% used [0x0000000726b80000,0x00000007270cdd38,0x0000000728080000)
  to   space 21504K, 0% used [0x0000000725680000,0x0000000725680000,0x0000000726b80000)
 ParOldGen       total 349696K, used 16K [0x00000005c0000000, 0x00000005d5580000, 0x0000000715580000)
  object space 349696K, 0% used [0x00000005c0000000,0x00000005c0004000,0x00000005d5580000)
 Metaspace       used 20344K, capacity 21078K, committed 21248K, reserved 1067008K
  class space    used 2513K, capacity 2690K, committed 2816K, reserved 1048576K
}
Event: 2.663 GC heap before
{Heap before GC invocations=3 (full 1):
 PSYoungGen      total 284672K, used 5431K [0x0000000715580000, 0x0000000728080000, 0x00000007c0000000)
  eden space 263168K, 0% used [0x0000000715580000,0x0000000715580000,0x0000000725680000)
  from space 21504K, 25% used [0x0000000726b80000,0x00000007270cdd38,0x0000000728080000)
  to   space 21504K, 0% used [0x0000000725680000,0x0000000725680000,0x0000000726b80000)
 ParOldGen       total 349696K, used 16K [0x00000005c0000000, 0x00000005d5580000, 0x0000000715580000)
  object space 349696K, 0% used [0x00000005c0000000,0x00000005c0004000,0x00000005d5580000)
 Metaspace       used 20344K, capacity 21078K, committed 21248K, reserved 1067008K
  class space    used 2513K, capacity 2690K, committed 2816K, reserved 1048576K
Event: 2.680 GC heap after
Heap after GC invocations=3 (full 1):
 PSYoungGen      total 284672K, used 0K [0x0000000715580000, 0x0000000728080000, 0x00000007c0000000)
  eden space 263168K, 0% used [0x0000000715580000,0x0000000715580000,0x0000000725680000)
  from space 21504K, 0% used [0x0000000726b80000,0x0000000726b80000,0x0000000728080000)
  to   space 21504K, 0% used [0x0000000725680000,0x0000000725680000,0x0000000726b80000)
 ParOldGen       total 147456K, used 5258K [0x00000005c0000000, 0x00000005c9000000, 0x0000000715580000)
  object space 147456K, 3% used [0x00000005c0000000,0x00000005c0522ae8,0x00000005c9000000)
 Metaspace       used 20344K, capacity 21078K, committed 21248K, reserved 1067008K
  class space    used 2513K, capacity 2690K, committed 2816K, reserved 1048576K
}
Event: 7.228 GC heap before
{Heap before GC invocations=4 (full 1):
 PSYoungGen      total 284672K, used 263168K [0x0000000715580000, 0x0000000728080000, 0x00000007c0000000)
  eden space 263168K, 100% used [0x0000000715580000,0x0000000725680000,0x0000000725680000)
  from space 21504K, 0% used [0x0000000726b80000,0x0000000726b80000,0x0000000728080000)
  to   space 21504K, 0% used [0x0000000725680000,0x0000000725680000,0x0000000726b80000)
 ParOldGen       total 147456K, used 5258K [0x00000005c0000000, 0x00000005c9000000, 0x0000000715580000)
  object space 147456K, 3% used [0x00000005c0000000,0x00000005c0522ae8,0x00000005c9000000)
 Metaspace       used 26932K, capacity 28202K, committed 28544K, reserved 1075200K
  class space    used 3331K, capacity 3588K, committed 3712K, reserved 1048576K
Event: 7.240 GC heap after
Heap after GC invocations=4 (full 1):
 PSYoungGen      total 284672K, used 14302K [0x0000000715580000, 0x0000000736600000, 0x00000007c0000000)
  eden space 263168K, 0% used [0x0000000715580000,0x0000000715580000,0x0000000725680000)
  from space 21504K, 66% used [0x0000000725680000,0x0000000726477810,0x0000000726b80000)
  to   space 21504K, 0% used [0x0000000735100000,0x0000000735100000,0x0000000736600000)
 ParOldGen       total 147456K, used 5266K [0x00000005c0000000, 0x00000005c9000000, 0x0000000715580000)
  object space 147456K, 3% used [0x00000005c0000000,0x00000005c0524ae8,0x00000005c9000000)
 Metaspace       used 26932K, capacity 28202K, committed 28544K, reserved 1075200K
  class space    used 3331K, capacity 3588K, committed 3712K, reserved 1048576K
}
Event: 8.000 GC heap before
{Heap before GC invocations=5 (full 1):
 PSYoungGen      total 284672K, used 277470K [0x0000000715580000, 0x0000000736600000, 0x00000007c0000000)
  eden space 263168K, 100% used [0x0000000715580000,0x0000000725680000,0x0000000725680000)
  from space 21504K, 66% used [0x0000000725680000,0x0000000726477810,0x0000000726b80000)
  to   space 21504K, 0% used [0x0000000735100000,0x0000000735100000,0x0000000736600000)
 ParOldGen       total 147456K, used 5266K [0x00000005c0000000, 0x00000005c9000000, 0x0000000715580000)
  object space 147456K, 3% used [0x00000005c0000000,0x00000005c0524ae8,0x00000005c9000000)
 Metaspace       used 28148K, capacity 29736K, committed 29952K, reserved 1075200K
  class space    used 3455K, capacity 3755K, committed 3840K, reserved 1048576K
Event: 8.008 GC heap after
Heap after GC invocations=5 (full 1):
 PSYoungGen      total 506368K, used 10604K [0x0000000715580000, 0x0000000735f80000, 0x00000007c0000000)
  eden space 491520K, 0% used [0x0000000715580000,0x0000000715580000,0x0000000733580000)
  from space 14848K, 71% used [0x0000000735100000,0x0000000735b5b1f0,0x0000000735f80000)
  to   space 21504K, 0% used [0x0000000733580000,0x0000000733580000,0x0000000734a80000)
 ParOldGen       total 147456K, used 5274K [0x00000005c0000000, 0x00000005c9000000, 0x0000000715580000)
  object space 147456K, 3% used [0x00000005c0000000,0x00000005c0526ae8,0x00000005c9000000)
 Metaspace       used 28148K, capacity 29736K, committed 29952K, reserved 1075200K
  class space    used 3455K, capacity 3755K, committed 3840K, reserved 1048576K
}

