# JRE version: Java(TM) SE Runtime Environment (8.0_321-b07) (build 1.8.0_321-b07)
# Java VM: Java HotSpot(TM) 64-Bit Server VM (25.321-b07 mixed mode bsd-amd64 compressed oops)
Heap:
 PSYoungGen      total 924672K, used 646535K [0x0000000715580000, 0x000000074fe00000, 0x00000007c0000000)
  eden space 898560K, 69% used [0x0000000715580000,0x000000073b6a0cb0,0x000000074c300000)
  from space 26112K, 87% used [0x000000074df80000,0x000000074f5c1278,0x000000074f900000)
  to   space 29184K, 0% used [0x000000074c300000,0x000000074c300000,0x000000074df80000)
 ParOldGen       total 147968K, used 8498K [0x00000005c0000000, 0x00000005c9080000, 0x0000000715580000)
  object space 147968K, 5% used [0x00000005c0000000,0x00000005c084c8a8,0x00000005c9080000)
 Metaspace       used 28615K, capacity 30252K, committed 30464K, reserved 1075200K
  class space    used 3488K, capacity 3805K, committed 3840K, reserved 1048576K
GC Heap History (10 events):
Event: 2.620 GC heap before
{Heap before GC invocations=3 (full 1):
 PSYoungGen      total 284672K, used 5447K [0x0000000715580000, 0x0000000728080000, 0x00000007c0000000)
  eden space 263168K, 0% used [0x0000000715580000,0x0000000715580000,0x0000000725680000)
  from space 21504K, 25% used [0x0000000726b80000,0x00000007270d1d48,0x0000000728080000)
  to   space 21504K, 0% used [0x0000000725680000,0x0000000725680000,0x0000000726b80000)
 ParOldGen       total 349696K, used 16K [0x00000005c0000000, 0x00000005d5580000, 0x0000000715580000)
  object space 349696K, 0% used [0x00000005c0000000,0x00000005c0004000,0x00000005d5580000)
 Metaspace       used 20343K, capacity 21078K, committed 21248K, reserved 1067008K
  class space    used 2513K, capacity 2690K, committed 2816K, reserved 1048576K
Event: 2.637 GC heap after
Heap after GC invocations=3 (full 1):
 PSYoungGen      total 284672K, used 0K [0x0000000715580000, 0x0000000728080000, 0x00000007c0000000)
  eden space 263168K, 0% used [0x0000000715580000,0x0000000715580000,0x0000000725680000)
  from space 21504K, 0% used [0x0000000726b80000,0x0000000726b80000,0x0000000728080000)
  to   space 21504K, 0% used [0x0000000725680000,0x0000000725680000,0x0000000726b80000)
 ParOldGen       total 147968K, used 5258K [0x00000005c0000000, 0x00000005c9080000, 0x0000000715580000)
  object space 147968K, 3% used [0x00000005c0000000,0x00000005c05228a8,0x00000005c9080000)
 Metaspace       used 20343K, capacity 21078K, committed 21248K, reserved 1067008K
  class space    used 2513K, capacity 2690K, committed 2816K, reserved 1048576K
}
Event: 6.056 GC heap before
{Heap before GC invocations=4 (full 1):
 PSYoungGen      total 284672K, used 263168K [0x0000000715580000, 0x0000000728080000, 0x00000007c0000000)
  eden space 263168K, 100% used [0x0000000715580000,0x0000000725680000,0x0000000725680000)
  from space 21504K, 0% used [0x0000000726b80000,0x0000000726b80000,0x0000000728080000)
  to   space 21504K, 0% used [0x0000000725680000,0x0000000725680000,0x0000000726b80000)
 ParOldGen       total 147968K, used 5258K [0x00000005c0000000, 0x00000005c9080000, 0x0000000715580000)
  object space 147968K, 3% used [0x00000005c0000000,0x00000005c05228a8,0x00000005c9080000)
 Metaspace       used 26924K, capacity 28186K, committed 28416K, reserved 1075200K
  class space    used 3322K, capacity 3572K, committed 3584K, reserved 1048576K
Event: 6.071 GC heap after
Heap after GC invocations=4 (full 1):
 PSYoungGen      total 284672K, used 14687K [0x0000000715580000, 0x0000000736480000, 0x00000007c0000000)
  eden space 263168K, 0% used [0x0000000715580000,0x0000000715580000,0x0000000725680000)
  from space 21504K, 68% used [0x0000000725680000,0x00000007264d7fc0,0x0000000726b80000)
  to   space 21504K, 0% used [0x0000000734f80000,0x0000000734f80000,0x0000000736480000)
 ParOldGen       total 147968K, used 5266K [0x00000005c0000000, 0x00000005c9080000, 0x0000000715580000)
  object space 147968K, 3% used [0x00000005c0000000,0x00000005c05248a8,0x00000005c9080000)
 Metaspace       used 26924K, capacity 28186K, committed 28416K, reserved 1075200K
  class space    used 3322K, capacity 3572K, committed 3584K, reserved 1048576K
}
Event: 7.361 GC heap before
{Heap before GC invocations=5 (full 1):
 PSYoungGen      total 284672K, used 277855K [0x0000000715580000, 0x0000000736480000, 0x00000007c0000000)
  eden space 263168K, 100% used [0x0000000715580000,0x0000000725680000,0x0000000725680000)
  from space 21504K, 68% used [0x0000000725680000,0x00000007264d7fc0,0x0000000726b80000)
  to   space 21504K, 0% used [0x0000000734f80000,0x0000000734f80000,0x0000000736480000)
 ParOldGen       total 147968K, used 5266K [0x00000005c0000000, 0x00000005c9080000, 0x0000000715580000)
  object space 147968K, 3% used [0x00000005c0000000,0x00000005c05248a8,0x00000005c9080000)
 Metaspace       used 27553K, capacity 28940K, committed 29056K, reserved 1075200K
  class space    used 3366K, capacity 3649K, committed 3712K, reserved 1048576K
Event: 7.376 GC heap after
Heap after GC invocations=5 (full 1):
 PSYoungGen      total 504832K, used 12900K [0x0000000715580000, 0x0000000735e00000, 0x00000007c0000000)
  eden space 489984K, 0% used [0x0000000715580000,0x0000000715580000,0x0000000733400000)
  from space 14848K, 86% used [0x0000000734f80000,0x0000000735c19298,0x0000000735e00000)
  to   space 21504K, 0% used [0x0000000733400000,0x0000000733400000,0x0000000734900000)
 ParOldGen       total 147968K, used 5274K [0x00000005c0000000, 0x00000005c9080000, 0x0000000715580000)
  object space 147968K, 3% used [0x00000005c0000000,0x00000005c05268a8,0x00000005c9080000)
 Metaspace       used 27553K, capacity 28940K, committed 29056K, reserved 1075200K
  class space    used 3366K, capacity 3649K, committed 3712K, reserved 1048576K
}
Event: 8.872 GC heap before
{Heap before GC invocations=6 (full 1):
 PSYoungGen      total 504832K, used 502884K [0x0000000715580000, 0x0000000735e00000, 0x00000007c0000000)
  eden space 489984K, 100% used [0x0000000715580000,0x0000000733400000,0x0000000733400000)
  from space 14848K, 86% used [0x0000000734f80000,0x0000000735c19298,0x0000000735e00000)
  to   space 21504K, 0% used [0x0000000733400000,0x0000000733400000,0x0000000734900000)
 ParOldGen       total 147968K, used 5274K [0x00000005c0000000, 0x00000005c9080000, 0x0000000715580000)
  object space 147968K, 3% used [0x00000005c0000000,0x00000005c05268a8,0x00000005c9080000)
 Metaspace       used 27587K, capacity 29016K, committed 29312K, reserved 1075200K
  class space    used 3369K, capacity 3651K, committed 3712K, reserved 1048576K
Event: 8.896 GC heap after
Heap after GC invocations=6 (full 1):
 PSYoungGen      total 511488K, used 21492K [0x0000000715580000, 0x000000074f900000, 0x00000007c0000000)
  eden space 489984K, 0% used [0x0000000715580000,0x0000000715580000,0x0000000733400000)
  from space 21504K, 99% used [0x0000000733400000,0x00000007348fd288,0x0000000734900000)
  to   space 26112K, 0% used [0x000000074df80000,0x000000074df80000,0x000000074f900000)
 ParOldGen       total 147968K, used 8490K [0x00000005c0000000, 0x00000005c9080000, 0x0000000715580000)
  object space 147968K, 5% used [0x00000005c0000000,0x00000005c084a8a8,0x00000005c9080000)
 Metaspace       used 27587K, capacity 29016K, committed 29312K, reserved 1075200K
  class space    used 3369K, capacity 3651K, committed 3712K, reserved 1048576K
}
Event: 9.325 GC heap before
{Heap before GC invocations=7 (full 1):
 PSYoungGen      total 511488K, used 511476K [0x0000000715580000, 0x000000074f900000, 0x00000007c0000000)
  eden space 489984K, 100% used [0x0000000715580000,0x0000000733400000,0x0000000733400000)
  from space 21504K, 99% used [0x0000000733400000,0x00000007348fd288,0x0000000734900000)
  to   space 26112K, 0% used [0x000000074df80000,0x000000074df80000,0x000000074f900000)
 ParOldGen       total 147968K, used 8490K [0x00000005c0000000, 0x00000005c9080000, 0x0000000715580000)
  object space 147968K, 5% used [0x00000005c0000000,0x00000005c084a8a8,0x00000005c9080000)
 Metaspace       used 27643K, capacity 29058K, committed 29312K, reserved 1075200K
  class space    used 3375K, capacity 3658K, committed 3712K, reserved 1048576K
Event: 9.340 GC heap after
Heap after GC invocations=7 (full 1):
 PSYoungGen      total 924672K, used 22788K [0x0000000715580000, 0x000000074fe00000, 0x00000007c0000000)
  eden space 898560K, 0% used [0x0000000715580000,0x0000000715580000,0x000000074c300000)
  from space 26112K, 87% used [0x000000074df80000,0x000000074f5c1278,0x000000074f900000)
  to   space 29184K, 0% used [0x000000074c300000,0x000000074c300000,0x000000074df80000)
 ParOldGen       total 147968K, used 8498K [0x00000005c0000000, 0x00000005c9080000, 0x0000000715580000)
  object space 147968K, 5% used [0x00000005c0000000,0x00000005c084c8a8,0x00000005c9080000)
 Metaspace       used 27643K, capacity 29058K, committed 29312K, reserved 1075200K
  class space    used 3375K, capacity 3658K, committed 3712K, reserved 1048576K
}

